preparemfc.bat
baum_viterbi_init_cyg.sh
/cygdrive/f/rsync/RESEARCHS/small_vocabulary_/cygwin32/htk/HTKTools/HInit -T 1 -C configtrain.txt -T 11 -m 1 -M hinitoutput initial_0_D_A -S train.lst
Initialising  HMM initial_0_D_A . . . 
 States   :   2  3  4 (width)
 Mixes  s1:   1  1  1 ( 39  )
 Num Using:   0  0  0
 Parm Kind:  MFCC_D_A_0
 Number of owners = 1
 SegLab   :  NONE
 maxIter  :  20
 epsilon  :  0.000100
 minSeg   :  1
 Updating :  Means Variances MixWeights/DProbs TransProbs

 - system is PLAIN
 457 observations loaded from ../../../small_vocabulary_/datas/digit_rec_x240_v8/rep_buf_Mon_Feb_04_21_52_08_2019.mfc
1 Observation Sequences Loaded
Starting Estimation Process
 Uniform Segmentation
Sequence Matrix
 state  2:   153
 state  3:   152
 state  4:   152
 state 2  stream 1
Flat Cluster Set: 1 nodes
1. size=153 cost=1.000
  mean
       5.82   -12.90     1.90    -7.53   -12.71     4.78   -13.45     1.16     7.55    -3.21     5.29    -2.73    49.77     0.15    -0.02     0.01    -0.07    -0.07    -0.02    -0.14 ...
  diagC
      75.59    27.28    27.59    33.71    19.92    19.34    52.46    29.50    44.02    18.61    24.86    22.39    75.24     1.72     1.36     1.52     1.75     1.51     2.01     2.90 ...
 state 3  stream 1
Flat Cluster Set: 1 nodes
1. size=152 cost=1.000
  mean
       7.57    -9.41     4.47    -6.93   -12.42     4.23   -16.24    -0.01     8.66    -4.76     1.57    -3.86    50.08    -0.04     0.08     0.07     0.08     0.02    -0.02     0.05 ...
  diagC
      67.33    28.97    32.88    42.53    14.77    17.08    33.12    29.56    44.79    19.04    26.33    18.93    67.05     2.35     1.41     1.66     2.45     1.63     1.81     2.48 ...
 state 4  stream 1
Flat Cluster Set: 1 nodes
1. size=152 cost=1.000
  mean
      -1.03   -10.63     5.20    -2.75    -8.55    10.06    -8.99    -2.82     3.22    -6.19    -0.92    -5.11    43.30    -0.09    -0.08    -0.09    -0.04     0.02     0.03     0.05 ...
  diagC
      71.78     7.21    17.60    33.98    11.48    16.33    34.63    20.80    19.11    14.82    25.87    12.45    66.80     0.29     0.42     0.84     1.00     0.73     0.85     1.12 ...
Iteration 1: Average LogP =-31729.95312
Iteration 2: Average LogP =-30969.89258  Change =   760.06055
Iteration 3: Average LogP =-30607.25781  Change =   362.63477
Iteration 4: Average LogP =-30571.20117  Change =    36.05664
Iteration 5: Average LogP =-30566.03516  Change =     5.16602
Iteration 6: Average LogP =-30566.03516  Change =     0.00000
Estimation converged at iteration 7
Output written to directory hinitoutput
initialized in hinitoutput/initial_0_D_A
ubuntu listing phonems from ../../../small_vocabulary_/datas/digit_rec_x240_v8 
ENTER 
creating hmm ah from  initial_0_D_A 
creating hmm d from  initial_0_D_A 
creating hmm s from  initial_0_D_A 
creating hmm sil from  initial_0_D_A 
creating hmm t from  initial_0_D_A 
creating hmm uh from  initial_0_D_A 
creating hmm uw from  initial_0_D_A 
creating hmms in hmm1 ...
/cygdrive/f/rsync/RESEARCHS/small_vocabulary_/cygwin32/htk/HTKTools/HERest -T 7 -L ../../../small_vocabulary_/datas/digit_rec_x240_v8 -C configtrain.txt -t 50.0 150.0 1000.0 -S train.lst -H hmm0/hmmdefs -M hmm1 phonems.lst
HERest  ML Updating: Transitions Means Variances 

 System is PLAIN
7 Logical/7 Physical Models Loaded, VecSize=39
1 MMF input files
Pruning-On[50.0 150.0 1000.0]
 Processing Data: rep_buf_Mon_Feb_04_21_52_08_2019.mfc; Label rep_buf_Mon_Feb_04_21_52_08_2019.lab
 Utterance prob per frame = -8.161934e+01
Starting Model Update
Model d[1] to be updated with 3 examples
Model s[2] to be updated with 3 examples
Model t[3] to be updated with 3 examples
Model ah[4] to be updated with 6 examples
Model uh[5] to be updated with 3 examples
Model uw[6] to be updated with 3 examples
Model sil[7] to be updated with 4 examples
Saving hmm's to dir hmm1
Reestimation complete - average log prob per frame = -8.161934e+01
     - total frames seen          = 4.570000e+02
[ENTER!]
creating hmms in hmm2 ...
/cygdrive/f/rsync/RESEARCHS/small_vocabulary_/cygwin32/htk/HTKTools/HERest -T 1 -L ../../../small_vocabulary_/datas/digit_rec_x240_v8 -C configtrain.txt -t 50.0 150.0 1000.0 -S train.lst -H hmm1/hmmdefs -M hmm2 phonems.lst
HERest  ML Updating: Transitions Means Variances 

 System is PLAIN
7 Logical/7 Physical Models Loaded, VecSize=39
1 MMF input files
Pruning-On[50.0 150.0 1000.0]
 Processing Data: rep_buf_Mon_Feb_04_21_52_08_2019.mfc; Label rep_buf_Mon_Feb_04_21_52_08_2019.lab
 Utterance prob per frame = -6.486735e+01
Saving hmm's to dir hmm2
Reestimation complete - average log prob per frame = -6.486735e+01
     - total frames seen          = 4.570000e+02
creating hmms in hmm3 ...
/cygdrive/f/rsync/RESEARCHS/small_vocabulary_/cygwin32/htk/HTKTools/HERest -T 1 -L ../../../small_vocabulary_/datas/digit_rec_x240_v8 -C configtrain.txt -t 50.0 150.0 1000.0 -S train.lst -H hmm2/hmmdefs -M hmm3 phonems.lst
HERest  ML Updating: Transitions Means Variances 

 System is PLAIN
7 Logical/7 Physical Models Loaded, VecSize=39
1 MMF input files
Pruning-On[50.0 150.0 1000.0]
 Processing Data: rep_buf_Mon_Feb_04_21_52_08_2019.mfc; Label rep_buf_Mon_Feb_04_21_52_08_2019.lab
 Utterance prob per frame = -6.396919e+01
Saving hmm's to dir hmm3
Reestimation complete - average log prob per frame = -6.396919e+01
     - total frames seen          = 4.570000e+02
Please fix sp.state2 using sil.state3 on hmm4/hmmdefs <ENTER>! 
Creating monophones1.tmp from phones.lst 
/cygdrive/f/rsync/RESEARCHS/small_vocabulary_/cygwin32/htk/HTKTools/HHEd -T 1 -H hmm4/hmmdefs -M hmm5 sil_mix.hed monophones1
HHEd
 8/8 Models Loaded [5 states max, 1 mixes max]

AT 2 4 0.200 {}
 Adding transitions to transP
 AT: 1 transP matrices adjusted

AT 4 2 0.200 {}
 Adding transitions to transP
 AT: 1 transP matrices adjusted

AT 1 3 0.300 {}
 Adding transitions to transP
 AT: 1 transP matrices adjusted

TI silst {}
 Tie items

MU 3 {}
 Mixup to 3 components per stream
 MU: Number of mixes increased from 21 to 63

Saving new HMM files ...
Edit Complete
creating hmms in hmm6 ...
/cygdrive/f/rsync/RESEARCHS/small_vocabulary_/cygwin32/htk/HTKTools/HERest -T 1 -L ../../../small_vocabulary_/datas/digit_rec_x240_v8 -C configtrain.txt -t 50.0 150.0 1000.0 -S train.lst -H hmm5/hmmdefs -M hmm6 monophones1
HERest  ML Updating: Transitions Means Variances MixWeights 

 System is SHARED
8 Logical/8 Physical Models Loaded, VecSize=39
1 MMF input files
Pruning-On[50.0 150.0 1000.0]
 Processing Data: rep_buf_Mon_Feb_04_21_52_08_2019.mfc; Label rep_buf_Mon_Feb_04_21_52_08_2019.lab
 Utterance prob per frame = -6.562889e+01
 WARNING [-2331]  UpdateModels: sp[5] copied: only 0 egs
 in /cygdrive/f/rsync/RESEARCHS/small_vocabulary_/cygwin32/htk/HTKTools/HERest
Total 57 floored variance elements in 3 different mixes
Saving hmm's to dir hmm6
Reestimation complete - average log prob per frame = -6.562889e+01
     - total frames seen          = 4.570000e+02
creating hmms in hmm7 ...
/cygdrive/f/rsync/RESEARCHS/small_vocabulary_/cygwin32/htk/HTKTools/HERest -T 1 -L ../../../small_vocabulary_/datas/digit_rec_x240_v8 -C configtrain.txt -t 50.0 150.0 1000.0 -S train.lst -H hmm6/hmmdefs -M hmm7 monophones1
HERest  ML Updating: Transitions Means Variances MixWeights 

 System is SHARED
8 Logical/8 Physical Models Loaded, VecSize=39
1 MMF input files
Pruning-On[50.0 150.0 1000.0]
 Processing Data: rep_buf_Mon_Feb_04_21_52_08_2019.mfc; Label rep_buf_Mon_Feb_04_21_52_08_2019.lab
 Utterance prob per frame = -6.217723e+01
 WARNING [-2331]  UpdateModels: sp[5] copied: only 0 egs
 in /cygdrive/f/rsync/RESEARCHS/small_vocabulary_/cygwin32/htk/HTKTools/HERest
 WARNING [-2326]  UpdateTrans: Model 8[sil]: no transitions out of state 3 in /cygdrive/f/rsync/RESEARCHS/small_vocabulary_/cygwin32/htk/HTKTools/HERest
 WARNING [-2330]  UpdateWeights: Model 8[sil]: no use of mixtures in 3.1 in /cygdrive/f/rsync/RESEARCHS/small_vocabulary_/cygwin32/htk/HTKTools/HERest
 WARNING [-2330]  UpdateVars: Model 8[sil]: no use of variance 3.1.1 in /cygdrive/f/rsync/RESEARCHS/small_vocabulary_/cygwin32/htk/HTKTools/HERest
 WARNING [-2330]  UpdateVars: Model 8[sil]: no use of variance 3.1.2 in /cygdrive/f/rsync/RESEARCHS/small_vocabulary_/cygwin32/htk/HTKTools/HERest
 WARNING [-2330]  UpdateVars: Model 8[sil]: no use of variance 3.1.3 in /cygdrive/f/rsync/RESEARCHS/small_vocabulary_/cygwin32/htk/HTKTools/HERest
 WARNING [-2330]  UpdateMeans: Model 8[sil]: no use of mean 3.1.1 in /cygdrive/f/rsync/RESEARCHS/small_vocabulary_/cygwin32/htk/HTKTools/HERest
 WARNING [-2330]  UpdateMeans: Model 8[sil]: no use of mean 3.1.2 in /cygdrive/f/rsync/RESEARCHS/small_vocabulary_/cygwin32/htk/HTKTools/HERest
 WARNING [-2330]  UpdateMeans: Model 8[sil]: no use of mean 3.1.3 in /cygdrive/f/rsync/RESEARCHS/small_vocabulary_/cygwin32/htk/HTKTools/HERest
Total 260 floored variance elements in 14 different mixes
Saving hmm's to dir hmm7
Reestimation complete - average log prob per frame = -6.217723e+01
     - total frames seen          = 4.570000e+02
datadir=../../../small_vocabulary_/datas/digit_rec_x240_v8
/cygdrive/f/rsync/RESEARCHS/small_vocabulary_/cygwin32/htk/HTKTools/HLEd -T 3 -l ../wavs/trilab -n triphones1 mktri.led ../../../small_vocabulary_/datas/digit_rec_x240_v8/rep_buf_Mon_Feb_04_21_52_08_2019.lab
No Contexts Defined
Word Bounds Defined:
  sp  sil  #N
No non inter-word boundaries defined
HLEd: script mktri.led
 1. Triphonise [ ]
Editing file: ../../../small_vocabulary_/datas/digit_rec_x240_v8/rep_buf_Mon_Feb_04_21_52_08_2019.lab
   0 adds; 0 deletes; 0 replaces; 21 changes; 0 merges
triphones1 triphones_srtd created
using datadir=../../../small_vocabulary_/datas/digit_rec_x240_v8
Press key !
mktri
hmm9
hmm10...
/cygdrive/f/rsync/RESEARCHS/small_vocabulary_/cygwin32/htk/HTKTools/HHEd -H hmm9/hmmdefs -M hmm10 mktri.hed monophones1
hmm11...
cp train.lst mfc_triph.scp
/cygdrive/f/rsync/RESEARCHS/small_vocabulary_/cygwin32/htk/HTKTools/HERest -T 1 -C configtrain.txt -L ../wavs/trilab -s stats -S mfc_triph.scp -H hmm10/hmmdefs -M hmm11 triphones1
HERest  ML Updating: Transitions Means Variances MixWeights 

 System is SHARED
8 Logical/8 Physical Models Loaded, VecSize=39
1 MMF input files
Pruning-Off
 Processing Data: rep_buf_Mon_Feb_04_21_52_08_2019.mfc; Label rep_buf_Mon_Feb_04_21_52_08_2019.lab
 Utterance prob per frame = -1.254896e+02
 WARNING [-2326]  UpdateTrans: Model 4[sil]: no transitions out of state 3 in /cygdrive/f/rsync/RESEARCHS/small_vocabulary_/cygwin32/htk/HTKTools/HERest
 WARNING [-2330]  UpdateWeights: Model 4[sil]: no use of mixtures in 3.1 in /cygdrive/f/rsync/RESEARCHS/small_vocabulary_/cygwin32/htk/HTKTools/HERest
 WARNING [-2330]  UpdateVars: Model 4[sil]: no use of variance 3.1.1 in /cygdrive/f/rsync/RESEARCHS/small_vocabulary_/cygwin32/htk/HTKTools/HERest
 WARNING [-2330]  UpdateVars: Model 4[sil]: no use of variance 3.1.2 in /cygdrive/f/rsync/RESEARCHS/small_vocabulary_/cygwin32/htk/HTKTools/HERest
 WARNING [-2330]  UpdateVars: Model 4[sil]: no use of variance 3.1.3 in /cygdrive/f/rsync/RESEARCHS/small_vocabulary_/cygwin32/htk/HTKTools/HERest
 WARNING [-2330]  UpdateMeans: Model 4[sil]: no use of mean 3.1.1 in /cygdrive/f/rsync/RESEARCHS/small_vocabulary_/cygwin32/htk/HTKTools/HERest
 WARNING [-2330]  UpdateMeans: Model 4[sil]: no use of mean 3.1.2 in /cygdrive/f/rsync/RESEARCHS/small_vocabulary_/cygwin32/htk/HTKTools/HERest
 WARNING [-2330]  UpdateMeans: Model 4[sil]: no use of mean 3.1.3 in /cygdrive/f/rsync/RESEARCHS/small_vocabulary_/cygwin32/htk/HTKTools/HERest
Total 203 floored variance elements in 11 different mixes
Saving hmm's to dir hmm11
Reestimation complete - average log prob per frame = -1.254896e+02
     - total frames seen          = 4.570000e+02
Press key !
hmm12...
/cygdrive/f/rsync/RESEARCHS/small_vocabulary_/cygwin32/htk/HTKTools/HERest -T 1 -C configtrain.txt -L ../wavs/trilab -s stats -S mfc_triph.scp -H hmm11/hmmdefs -M hmm12 triphones1
HERest  ML Updating: Transitions Means Variances MixWeights 

 System is SHARED
8 Logical/8 Physical Models Loaded, VecSize=39
1 MMF input files
Pruning-Off
 Processing Data: rep_buf_Mon_Feb_04_21_52_08_2019.mfc; Label rep_buf_Mon_Feb_04_21_52_08_2019.lab
 No path found in beta pass
 WARNING [-7324]  StepBack: File ../../../small_vocabulary_/datas/digit_rec_x240_v8/rep_buf_Mon_Feb_04_21_52_08_2019.mfc - bad data or over pruning
 in /cygdrive/f/rsync/RESEARCHS/small_vocabulary_/cygwin32/htk/HTKTools/HERest
 WARNING [-2331]  UpdateModels: t-uh+d[1] copied: only 0 egs
 in /cygdrive/f/rsync/RESEARCHS/small_vocabulary_/cygwin32/htk/HTKTools/HERest
 WARNING [-2331]  UpdateModels: s-ah+t[2] copied: only 0 egs
 in /cygdrive/f/rsync/RESEARCHS/small_vocabulary_/cygwin32/htk/HTKTools/HERest
 WARNING [-2331]  UpdateModels: d-uw+ah[3] copied: only 0 egs
 in /cygdrive/f/rsync/RESEARCHS/small_vocabulary_/cygwin32/htk/HTKTools/HERest
 WARNING [-2331]  UpdateModels: sil[4] copied: only 0 egs
 in /cygdrive/f/rsync/RESEARCHS/small_vocabulary_/cygwin32/htk/HTKTools/HERest
 WARNING [-2331]  UpdateModels: uh-d+uw[5] copied: only 0 egs
 in /cygdrive/f/rsync/RESEARCHS/small_vocabulary_/cygwin32/htk/HTKTools/HERest
 WARNING [-2331]  UpdateModels: uw-ah[6] copied: only 0 egs
 in /cygdrive/f/rsync/RESEARCHS/small_vocabulary_/cygwin32/htk/HTKTools/HERest
 WARNING [-2331]  UpdateModels: ah-t+uh[7] copied: only 0 egs
 in /cygdrive/f/rsync/RESEARCHS/small_vocabulary_/cygwin32/htk/HTKTools/HERest
 WARNING [-2331]  UpdateModels: s+ah[8] copied: only 0 egs
 in /cygdrive/f/rsync/RESEARCHS/small_vocabulary_/cygwin32/htk/HTKTools/HERest
Saving hmm's to dir hmm12
Reestimation complete - average log prob per frame = -nan
     - total frames seen          = 0.000000e+00
Adding sp
